\BOOKMARK [1][-]{section*.2}{Dokumenthistorik}{}% 1
\BOOKMARK [1][-]{section.0.1}{Inledning}{}% 2
\BOOKMARK [2][-]{subsection.0.1.1}{Parter}{section.0.1}% 3
\BOOKMARK [2][-]{subsection.0.1.2}{Anv\344ndning}{section.0.1}% 4
\BOOKMARK [2][-]{subsection.0.1.3}{Begr\344nsningar}{section.0.1}% 5
\BOOKMARK [2][-]{subsection.0.1.4}{Definitioner}{section.0.1}% 6
\BOOKMARK [1][-]{section.0.2}{Problemformulering}{}% 7
\BOOKMARK [1][-]{section.0.3}{Kunskapsbas}{}% 8
\BOOKMARK [1][-]{section.0.4}{Fasplan}{}% 9
\BOOKMARK [2][-]{subsection.0.4.1}{F\366re-fas}{section.0.4}% 10
\BOOKMARK [2][-]{subsection.0.4.2}{Under-fas}{section.0.4}% 11
\BOOKMARK [2][-]{subsection.0.4.3}{Efter-fas}{section.0.4}% 12
\BOOKMARK [1][-]{section.0.5}{F\366rdjupningsarbeten}{}% 13
\BOOKMARK [2][-]{subsection.0.5.1}{Fermi-ytor}{section.0.5}% 14
\BOOKMARK [2][-]{subsection.0.5.2}{Visualisering av volymdata}{section.0.5}% 15
\BOOKMARK [1][-]{section.0.6}{Teknisk beskrivning}{}% 16
\BOOKMARK [2][-]{subsection.0.6.1}{Datakonvertering}{section.0.6}% 17
\BOOKMARK [2][-]{subsection.0.6.2}{Visualisering}{section.0.6}% 18
\BOOKMARK [2][-]{subsection.0.6.3}{Sammanl\344nkning av olika visualiseringar}{section.0.6}% 19
\BOOKMARK [1][-]{section.0.7}{Resultat}{}% 20
\BOOKMARK [2][-]{subsection.0.7.1}{Krav p\345 systemet}{section.0.7}% 21
\BOOKMARK [2][-]{subsection.0.7.2}{Anv\344ndning}{section.0.7}% 22
\BOOKMARK [1][-]{section.0.8}{Slutsats}{}% 23
\BOOKMARK [2][-]{subsection.0.8.1}{Tekniskt}{section.0.8}% 24
\BOOKMARK [2][-]{subsection.0.8.2}{Utf\366rande}{section.0.8}% 25
\BOOKMARK [2][-]{subsection.0.8.3}{Framtida arbete}{section.0.8}% 26
\BOOKMARK [1][-]{subsection.0.8.3}{Referenser}{}% 27
\BOOKMARK [0][-]{Bilaga.a.A}{Bilaga Anv\344ndarmanual}{}% 28
\BOOKMARK [0][-]{Bilaga.a.B}{Bilaga Designspecifikation}{}% 29
\BOOKMARK [0][-]{Bilaga.a.C}{Bilaga F\366rdjupningsarbete - Fermi-ytor}{}% 30
\BOOKMARK [0][-]{Bilaga.a.D}{Bilaga F\366rdjupningsarbete - Visualisering av volymsadata}{}% 31
\BOOKMARK [0][-]{Bilaga.a.E}{Bilaga Gruppkontrakt}{}% 32
\BOOKMARK [0][-]{Bilaga.a.F}{Bilaga Kravspecifikation}{}% 33
\BOOKMARK [0][-]{Bilaga.a.G}{Bilaga Projektdirektiv}{}% 34
\BOOKMARK [0][-]{Bilaga.a.H}{Bilaga Projektplan}{}% 35
\BOOKMARK [0][-]{Bilaga.a.I}{Bilaga Systemskiss}{}% 36
\BOOKMARK [0][-]{Bilaga.a.J}{Bilaga Tidsplan}{}% 37
\BOOKMARK [0][-]{Bilaga.a.K}{Bilaga Teknisk dokumentation}{}% 38
\BOOKMARK [0][-]{Bilaga.a.L}{Bilaga Naturvetenskaplig unders\366kning}{}% 39
